{"contracts/mocks/Oracle.sol":{"l":{"11":3,"15":0},"path":"/home/crisgarner/Projects/cryptex/contract/contracts/mocks/Oracle.sol","s":{"1":3,"2":0},"b":{},"f":{"1":3,"2":0},"fnMap":{"1":{"name":"constructor","line":10,"loc":{"start":{"line":10,"column":2},"end":{"line":10,"column":36}}},"2":{"name":"setPrice","line":14,"loc":{"start":{"line":14,"column":2},"end":{"line":14,"column":42}}}},"statementMap":{"1":{"start":{"line":11,"column":4},"end":{"line":11,"column":17}},"2":{"start":{"line":15,"column":4},"end":{"line":15,"column":17}}},"branchMap":{}},"contracts/mocks/Stablecoin.sol":{"l":{"13":6,"17":0},"path":"/home/crisgarner/Projects/cryptex/contract/contracts/mocks/Stablecoin.sol","s":{"1":6,"2":0},"b":{},"f":{"1":3,"2":6,"3":0},"fnMap":{"1":{"name":"constructor","line":10,"loc":{"start":{"line":10,"column":49},"end":{"line":10,"column":3}}},"2":{"name":"mint","line":12,"loc":{"start":{"line":12,"column":2},"end":{"line":12,"column":57}}},"3":{"name":"burn","line":16,"loc":{"start":{"line":16,"column":2},"end":{"line":16,"column":57}}}},"statementMap":{"1":{"start":{"line":13,"column":4},"end":{"line":13,"column":27}},"2":{"start":{"line":17,"column":4},"end":{"line":17,"column":27}}},"branchMap":{}},"contracts/TCAPX.sol":{"l":{"27":10,"28":8,"37":3,"38":3,"48":3,"58":5},"path":"/home/crisgarner/Projects/cryptex/contract/contracts/TCAPX.sol","s":{"1":10,"2":3,"3":3,"4":3,"5":5},"b":{"1":[8,2]},"f":{"1":6,"2":10,"3":3,"4":3,"5":5},"fnMap":{"1":{"name":"constructor","line":23,"loc":{"start":{"line":23,"column":31},"end":{"line":23,"column":3}}},"2":{"name":"onlyHandler","line":26,"loc":{"start":{"line":26,"column":2},"end":{"line":26,"column":24}}},"3":{"name":"setTokenHandler","line":36,"loc":{"start":{"line":36,"column":60},"end":{"line":36,"column":3}}},"4":{"name":"mint","line":47,"loc":{"start":{"line":47,"column":68},"end":{"line":47,"column":3}}},"5":{"name":"burn","line":57,"loc":{"start":{"line":57,"column":68},"end":{"line":57,"column":3}}}},"statementMap":{"1":{"start":{"line":27,"column":4},"end":{"line":27,"column":67}},"2":{"start":{"line":37,"column":4},"end":{"line":37,"column":26}},"3":{"start":{"line":38,"column":4},"end":{"line":38,"column":49}},"4":{"start":{"line":48,"column":4},"end":{"line":48,"column":27}},"5":{"start":{"line":58,"column":4},"end":{"line":58,"column":27}}},"branchMap":{"1":{"line":27,"type":"if","locations":[{"start":{"line":27,"column":4},"end":{"line":27,"column":4}},{"start":{"line":27,"column":4},"end":{"line":27,"column":4}}]}}},"contracts/TokenHandler.sol":{"l":{"55":14,"56":12,"60":3,"61":3,"70":3,"71":3,"80":3,"81":3,"90":3,"91":3,"100":3,"101":3,"110":6,"119":3,"127":4,"128":3,"129":3,"130":3,"131":3,"132":3,"133":3,"142":8,"143":6,"144":6,"145":6,"153":8,"154":8,"158":6,"159":6,"160":6,"169":1,"170":1,"189":6,"190":6},"path":"/home/crisgarner/Projects/cryptex/contract/contracts/TokenHandler.sol","s":{"1":14,"2":3,"3":3,"4":3,"5":3,"6":3,"7":3,"8":3,"9":3,"10":3,"11":3,"12":6,"13":3,"14":4,"15":3,"16":3,"17":3,"18":3,"19":3,"20":8,"21":6,"22":6,"23":6,"24":8,"25":8,"26":6,"27":6,"28":6,"29":1,"30":1,"31":6,"32":6},"b":{"1":[12,2],"2":[3,1],"3":[6,2]},"f":{"1":14,"2":3,"3":3,"4":3,"5":3,"6":3,"7":6,"8":3,"9":4,"10":8,"11":8,"12":1,"13":6},"fnMap":{"1":{"name":"onlyInvestor","line":54,"loc":{"start":{"line":54,"column":2},"end":{"line":54,"column":25}}},"2":{"name":"constructor","line":59,"loc":{"start":{"line":59,"column":2},"end":{"line":59,"column":22}}},"3":{"name":"setTCAPX","line":69,"loc":{"start":{"line":69,"column":49},"end":{"line":69,"column":3}}},"4":{"name":"setOracle","line":79,"loc":{"start":{"line":79,"column":52},"end":{"line":79,"column":3}}},"5":{"name":"setStablecoin","line":89,"loc":{"start":{"line":89,"column":59},"end":{"line":89,"column":3}}},"6":{"name":"setDivisor","line":99,"loc":{"start":{"line":99,"column":55},"end":{"line":99,"column":3}}},"7":{"name":"addInvestor","line":109,"loc":{"start":{"line":109,"column":57},"end":{"line":109,"column":3}}},"8":{"name":"removeInvestor","line":118,"loc":{"start":{"line":118,"column":60},"end":{"line":118,"column":3}}},"9":{"name":"createVault","line":126,"loc":{"start":{"line":126,"column":43},"end":{"line":126,"column":3}}},"10":{"name":"addCollateral","line":141,"loc":{"start":{"line":141,"column":60},"end":{"line":141,"column":3}}},"11":{"name":"removeCollateral","line":152,"loc":{"start":{"line":152,"column":2},"end":{"line":152,"column":51}}},"12":{"name":"TCAPXPrice","line":168,"loc":{"start":{"line":168,"column":2},"end":{"line":168,"column":59}}},"13":{"name":"getVault","line":180,"loc":{"start":{"line":180,"column":2},"end":{"line":188,"column":3}}}},"statementMap":{"1":{"start":{"line":55,"column":4},"end":{"line":55,"column":72}},"2":{"start":{"line":60,"column":4},"end":{"line":60,"column":14}},"3":{"start":{"line":61,"column":4},"end":{"line":61,"column":45}},"4":{"start":{"line":70,"column":4},"end":{"line":70,"column":17}},"5":{"start":{"line":71,"column":4},"end":{"line":71,"column":40}},"6":{"start":{"line":80,"column":4},"end":{"line":80,"column":19}},"7":{"start":{"line":81,"column":4},"end":{"line":81,"column":42}},"8":{"start":{"line":90,"column":4},"end":{"line":90,"column":27}},"9":{"start":{"line":91,"column":4},"end":{"line":91,"column":50}},"10":{"start":{"line":100,"column":4},"end":{"line":100,"column":21}},"11":{"start":{"line":101,"column":4},"end":{"line":101,"column":44}},"12":{"start":{"line":110,"column":4},"end":{"line":110,"column":38}},"13":{"start":{"line":119,"column":4},"end":{"line":119,"column":39}},"14":{"start":{"line":127,"column":4},"end":{"line":127,"column":65}},"15":{"start":{"line":128,"column":4},"end":{"line":128,"column":24}},"16":{"start":{"line":129,"column":4},"end":{"line":129,"column":31}},"17":{"start":{"line":130,"column":4},"end":{"line":130,"column":49}},"18":{"start":{"line":131,"column":4},"end":{"line":131,"column":21}},"19":{"start":{"line":133,"column":4},"end":{"line":133,"column":39}},"20":{"start":{"line":142,"column":4},"end":{"line":142,"column":62}},"21":{"start":{"line":143,"column":4},"end":{"line":143,"column":57}},"22":{"start":{"line":144,"column":4},"end":{"line":144,"column":51}},"23":{"start":{"line":145,"column":4},"end":{"line":145,"column":56}},"24":{"start":{"line":153,"column":4},"end":{"line":153,"column":57}},"25":{"start":{"line":154,"column":4},"end":{"line":154,"column":4399}},"26":{"start":{"line":158,"column":4},"end":{"line":158,"column":51}},"27":{"start":{"line":159,"column":4},"end":{"line":159,"column":43}},"28":{"start":{"line":160,"column":4},"end":{"line":160,"column":59}},"29":{"start":{"line":169,"column":4},"end":{"line":169,"column":45}},"30":{"start":{"line":170,"column":4},"end":{"line":170,"column":40}},"31":{"start":{"line":189,"column":4},"end":{"line":189,"column":36}},"32":{"start":{"line":190,"column":4},"end":{"line":190,"column":52}}},"branchMap":{"1":{"line":55,"type":"if","locations":[{"start":{"line":55,"column":4},"end":{"line":55,"column":4}},{"start":{"line":55,"column":4},"end":{"line":55,"column":4}}]},"2":{"line":127,"type":"if","locations":[{"start":{"line":127,"column":4},"end":{"line":127,"column":4}},{"start":{"line":127,"column":4},"end":{"line":127,"column":4}}]},"3":{"line":154,"type":"if","locations":[{"start":{"line":154,"column":4},"end":{"line":154,"column":4}},{"start":{"line":154,"column":4},"end":{"line":154,"column":4}}]}}}}