{"contracts/IAllocationStrategy.sol":{"l":{},"path":"/home/crisgarner/Projects/cryptex/contracts/contracts/IAllocationStrategy.sol","s":{},"b":{},"f":{},"fnMap":{},"statementMap":{},"branchMap":{}},"contracts/IRToken.sol":{"l":{},"path":"/home/crisgarner/Projects/cryptex/contracts/contracts/IRToken.sol","s":{},"b":{},"f":{},"fnMap":{},"statementMap":{},"branchMap":{}},"contracts/IVaultHandler.sol":{"l":{"96":153,"97":153,"99":147,"104":305,"105":295,"110":9,"111":9,"112":9,"121":9,"122":9,"131":9,"132":9,"145":9,"146":9,"158":9,"159":9,"168":9,"169":9,"178":9,"179":9,"188":9,"189":9,"198":6,"199":6,"208":27,"217":9,"225":12,"226":9,"227":9,"228":9,"229":9,"230":9,"231":9,"247":81,"248":77,"249":77,"250":77,"264":92,"265":92,"266":92,"270":90,"271":90,"272":1,"278":89,"279":89,"293":35,"294":35,"295":35,"296":33,"297":33,"301":31,"302":31,"317":12,"318":12,"319":12,"320":10,"321":6,"322":6,"323":6,"330":3,"337":3,"344":9,"345":9,"346":9,"356":105,"357":105,"373":42,"374":42,"375":39,"399":31,"400":31,"416":161,"417":161,"418":122,"420":39,"421":39,"436":18,"437":18},"path":"/home/crisgarner/Projects/cryptex/contracts/contracts/IVaultHandler.sol","s":{"1":153,"2":153,"3":305,"4":9,"5":9,"6":9,"7":9,"8":9,"9":9,"10":9,"11":9,"12":9,"13":9,"14":9,"15":9,"16":9,"17":9,"18":9,"19":9,"20":9,"21":6,"22":6,"23":27,"24":9,"25":12,"26":9,"27":9,"28":9,"29":9,"30":9,"31":9,"32":81,"33":77,"34":77,"35":77,"36":92,"37":92,"38":92,"39":90,"40":90,"41":1,"42":89,"43":89,"44":35,"45":35,"46":35,"47":33,"48":33,"49":31,"50":31,"51":12,"52":12,"53":12,"54":10,"55":6,"56":6,"57":6,"58":3,"59":3,"60":9,"61":9,"62":9,"63":105,"64":105,"65":42,"66":42,"67":39,"68":31,"69":31,"70":161,"71":161,"72":122,"73":39,"74":39,"75":18,"76":18},"b":{"1":[153,0],"2":[147,6],"3":[295,10],"4":[9,3],"5":[90,2],"6":[1,89],"7":[0,1],"8":[33,2],"9":[31,2],"10":[10,2],"11":[6,4],"12":[122,39]},"f":{"1":153,"2":305,"3":9,"4":9,"5":9,"6":9,"7":9,"8":9,"9":9,"10":9,"11":6,"12":27,"13":9,"14":12,"15":81,"16":92,"17":35,"18":12,"19":3,"20":3,"21":9,"22":105,"23":42,"24":31,"25":161,"26":18},"fnMap":{"1":{"name":"onlyInvestor","line":95,"loc":{"start":{"line":95,"column":2},"end":{"line":95,"column":25}}},"2":{"name":"vaultExists","line":103,"loc":{"start":{"line":103,"column":2},"end":{"line":103,"column":24}}},"3":{"name":"constructor","line":109,"loc":{"start":{"line":109,"column":2},"end":{"line":109,"column":22}}},"4":{"name":"setTCAPXContract","line":120,"loc":{"start":{"line":120,"column":70},"end":{"line":120,"column":3}}},"5":{"name":"setTCAPOracle","line":130,"loc":{"start":{"line":130,"column":68},"end":{"line":130,"column":3}}},"6":{"name":"setCollateralContract","line":143,"loc":{"start":{"line":143,"column":12},"end":{"line":144,"column":3}}},"7":{"name":"setCollateralPriceOracle","line":156,"loc":{"start":{"line":156,"column":12},"end":{"line":157,"column":3}}},"8":{"name":"setDivisor","line":167,"loc":{"start":{"line":167,"column":63},"end":{"line":167,"column":3}}},"9":{"name":"setRatio","line":177,"loc":{"start":{"line":177,"column":59},"end":{"line":177,"column":3}}},"10":{"name":"setBurnFee","line":187,"loc":{"start":{"line":187,"column":63},"end":{"line":187,"column":3}}},"11":{"name":"enableWhitelist","line":197,"loc":{"start":{"line":197,"column":64},"end":{"line":197,"column":3}}},"12":{"name":"addInvestor","line":207,"loc":{"start":{"line":207,"column":65},"end":{"line":207,"column":3}}},"13":{"name":"removeInvestor","line":216,"loc":{"start":{"line":216,"column":68},"end":{"line":216,"column":3}}},"14":{"name":"createVault","line":224,"loc":{"start":{"line":224,"column":65},"end":{"line":224,"column":3}}},"15":{"name":"addCollateral","line":245,"loc":{"start":{"line":245,"column":16},"end":{"line":246,"column":3}}},"16":{"name":"removeCollateral","line":262,"loc":{"start":{"line":262,"column":16},"end":{"line":263,"column":3}}},"17":{"name":"mint","line":291,"loc":{"start":{"line":291,"column":16},"end":{"line":292,"column":3}}},"18":{"name":"burn","line":315,"loc":{"start":{"line":315,"column":16},"end":{"line":316,"column":3}}},"19":{"name":"pause","line":329,"loc":{"start":{"line":329,"column":34},"end":{"line":329,"column":3}}},"20":{"name":"unpause","line":336,"loc":{"start":{"line":336,"column":36},"end":{"line":336,"column":3}}},"21":{"name":"retrieveFees","line":343,"loc":{"start":{"line":343,"column":49},"end":{"line":343,"column":3}}},"22":{"name":"TCAPXPrice","line":355,"loc":{"start":{"line":355,"column":2},"end":{"line":355,"column":67}}},"23":{"name":"requiredCollateral","line":367,"loc":{"start":{"line":367,"column":2},"end":{"line":372,"column":3}}},"24":{"name":"getVault","line":388,"loc":{"start":{"line":388,"column":2},"end":{"line":398,"column":3}}},"25":{"name":"getVaultRatio","line":410,"loc":{"start":{"line":410,"column":2},"end":{"line":415,"column":3}}},"26":{"name":"getFee","line":435,"loc":{"start":{"line":435,"column":2},"end":{"line":435,"column":76}}}},"statementMap":{"1":{"start":{"line":96,"column":4},"end":{"line":96,"column":3102}},"2":{"start":{"line":97,"column":6},"end":{"line":97,"column":74}},"3":{"start":{"line":104,"column":4},"end":{"line":104,"column":60}},"4":{"start":{"line":110,"column":4},"end":{"line":110,"column":26}},"5":{"start":{"line":111,"column":4},"end":{"line":111,"column":22}},"6":{"start":{"line":112,"column":4},"end":{"line":112,"column":45}},"7":{"start":{"line":121,"column":4},"end":{"line":121,"column":27}},"8":{"start":{"line":122,"column":4},"end":{"line":122,"column":53}},"9":{"start":{"line":131,"column":4},"end":{"line":131,"column":23}},"10":{"start":{"line":132,"column":4},"end":{"line":132,"column":46}},"11":{"start":{"line":145,"column":4},"end":{"line":145,"column":43}},"12":{"start":{"line":146,"column":4},"end":{"line":146,"column":66}},"13":{"start":{"line":158,"column":4},"end":{"line":158,"column":38}},"14":{"start":{"line":159,"column":4},"end":{"line":159,"column":61}},"15":{"start":{"line":168,"column":4},"end":{"line":168,"column":21}},"16":{"start":{"line":169,"column":4},"end":{"line":169,"column":44}},"17":{"start":{"line":178,"column":4},"end":{"line":178,"column":17}},"18":{"start":{"line":179,"column":4},"end":{"line":179,"column":40}},"19":{"start":{"line":188,"column":4},"end":{"line":188,"column":21}},"20":{"start":{"line":189,"column":4},"end":{"line":189,"column":44}},"21":{"start":{"line":198,"column":4},"end":{"line":198,"column":29}},"22":{"start":{"line":199,"column":4},"end":{"line":199,"column":57}},"23":{"start":{"line":208,"column":4},"end":{"line":208,"column":38}},"24":{"start":{"line":217,"column":4},"end":{"line":217,"column":39}},"25":{"start":{"line":225,"column":4},"end":{"line":225,"column":65}},"26":{"start":{"line":226,"column":4},"end":{"line":226,"column":34}},"27":{"start":{"line":227,"column":4},"end":{"line":227,"column":31}},"28":{"start":{"line":228,"column":4},"end":{"line":228,"column":52}},"29":{"start":{"line":229,"column":4},"end":{"line":229,"column":21}},"30":{"start":{"line":230,"column":4},"end":{"line":230,"column":22}},"31":{"start":{"line":231,"column":4},"end":{"line":231,"column":39}},"32":{"start":{"line":247,"column":4},"end":{"line":247,"column":70}},"33":{"start":{"line":248,"column":4},"end":{"line":248,"column":57}},"34":{"start":{"line":249,"column":4},"end":{"line":249,"column":51}},"35":{"start":{"line":250,"column":4},"end":{"line":250,"column":56}},"36":{"start":{"line":264,"column":4},"end":{"line":264,"column":57}},"37":{"start":{"line":265,"column":4},"end":{"line":265,"column":50}},"38":{"start":{"line":266,"column":4},"end":{"line":266,"column":7809}},"39":{"start":{"line":270,"column":4},"end":{"line":270,"column":51}},"40":{"start":{"line":271,"column":4},"end":{"line":271,"column":7991}},"41":{"start":{"line":272,"column":6},"end":{"line":272,"column":8024}},"42":{"start":{"line":278,"column":4},"end":{"line":278,"column":51}},"43":{"start":{"line":279,"column":4},"end":{"line":279,"column":59}},"44":{"start":{"line":293,"column":4},"end":{"line":293,"column":57}},"45":{"start":{"line":294,"column":4},"end":{"line":294,"column":60}},"46":{"start":{"line":295,"column":4},"end":{"line":295,"column":75}},"47":{"start":{"line":296,"column":4},"end":{"line":296,"column":39}},"48":{"start":{"line":297,"column":4},"end":{"line":297,"column":8756}},"49":{"start":{"line":301,"column":4},"end":{"line":301,"column":39}},"50":{"start":{"line":302,"column":4},"end":{"line":302,"column":47}},"51":{"start":{"line":317,"column":4},"end":{"line":317,"column":57}},"52":{"start":{"line":318,"column":4},"end":{"line":318,"column":33}},"53":{"start":{"line":319,"column":4},"end":{"line":319,"column":61}},"54":{"start":{"line":320,"column":4},"end":{"line":320,"column":64}},"55":{"start":{"line":321,"column":4},"end":{"line":321,"column":39}},"56":{"start":{"line":322,"column":4},"end":{"line":322,"column":39}},"57":{"start":{"line":323,"column":4},"end":{"line":323,"column":47}},"58":{"start":{"line":330,"column":4},"end":{"line":330,"column":11}},"59":{"start":{"line":337,"column":4},"end":{"line":337,"column":13}},"60":{"start":{"line":344,"column":4},"end":{"line":344,"column":42}},"61":{"start":{"line":345,"column":4},"end":{"line":345,"column":36}},"62":{"start":{"line":346,"column":4},"end":{"line":346,"column":44}},"63":{"start":{"line":356,"column":4},"end":{"line":356,"column":59}},"64":{"start":{"line":357,"column":4},"end":{"line":357,"column":40}},"65":{"start":{"line":373,"column":4},"end":{"line":373,"column":36}},"66":{"start":{"line":374,"column":4},"end":{"line":374,"column":69}},"67":{"start":{"line":375,"column":4},"end":{"line":375,"column":10947}},"68":{"start":{"line":399,"column":4},"end":{"line":399,"column":36}},"69":{"start":{"line":400,"column":4},"end":{"line":400,"column":64}},"70":{"start":{"line":416,"column":4},"end":{"line":416,"column":41}},"71":{"start":{"line":417,"column":4},"end":{"line":417,"column":11948}},"72":{"start":{"line":418,"column":6},"end":{"line":418,"column":21}},"73":{"start":{"line":420,"column":6},"end":{"line":420,"column":71}},"74":{"start":{"line":421,"column":6},"end":{"line":421,"column":12106}},"75":{"start":{"line":436,"column":4},"end":{"line":436,"column":69}},"76":{"start":{"line":437,"column":4},"end":{"line":437,"column":12611}}},"branchMap":{"1":{"line":96,"type":"if","locations":[{"start":{"line":96,"column":4},"end":{"line":96,"column":4}},{"start":{"line":96,"column":4},"end":{"line":96,"column":4}}]},"2":{"line":97,"type":"if","locations":[{"start":{"line":97,"column":6},"end":{"line":97,"column":6}},{"start":{"line":97,"column":6},"end":{"line":97,"column":6}}]},"3":{"line":104,"type":"if","locations":[{"start":{"line":104,"column":4},"end":{"line":104,"column":4}},{"start":{"line":104,"column":4},"end":{"line":104,"column":4}}]},"4":{"line":225,"type":"if","locations":[{"start":{"line":225,"column":4},"end":{"line":225,"column":4}},{"start":{"line":225,"column":4},"end":{"line":225,"column":4}}]},"5":{"line":266,"type":"if","locations":[{"start":{"line":266,"column":4},"end":{"line":266,"column":4}},{"start":{"line":266,"column":4},"end":{"line":266,"column":4}}]},"6":{"line":271,"type":"if","locations":[{"start":{"line":271,"column":4},"end":{"line":271,"column":4}},{"start":{"line":271,"column":4},"end":{"line":271,"column":4}}]},"7":{"line":272,"type":"if","locations":[{"start":{"line":272,"column":6},"end":{"line":272,"column":6}},{"start":{"line":272,"column":6},"end":{"line":272,"column":6}}]},"8":{"line":295,"type":"if","locations":[{"start":{"line":295,"column":4},"end":{"line":295,"column":4}},{"start":{"line":295,"column":4},"end":{"line":295,"column":4}}]},"9":{"line":297,"type":"if","locations":[{"start":{"line":297,"column":4},"end":{"line":297,"column":4}},{"start":{"line":297,"column":4},"end":{"line":297,"column":4}}]},"10":{"line":319,"type":"if","locations":[{"start":{"line":319,"column":4},"end":{"line":319,"column":4}},{"start":{"line":319,"column":4},"end":{"line":319,"column":4}}]},"11":{"line":320,"type":"if","locations":[{"start":{"line":320,"column":4},"end":{"line":320,"column":4}},{"start":{"line":320,"column":4},"end":{"line":320,"column":4}}]},"12":{"line":417,"type":"if","locations":[{"start":{"line":417,"column":4},"end":{"line":417,"column":4}},{"start":{"line":417,"column":4},"end":{"line":417,"column":4}}]}}},"contracts/oracles/ChainlinkOracle.sol":{"l":{"15":9,"19":0,"24":100,"25":96,"29":0,"33":0,"34":0,"35":0,"39":0,"40":0,"41":0},"path":"/home/crisgarner/Projects/cryptex/contracts/contracts/oracles/ChainlinkOracle.sol","s":{"1":9,"2":0,"3":100,"4":96,"5":0,"6":0,"7":0,"8":0,"9":0,"10":0,"11":0},"b":{"1":[0,0],"2":[0,0]},"f":{"1":9,"2":0,"3":100,"4":0,"5":0,"6":0},"fnMap":{"1":{"name":"constructor","line":14,"loc":{"start":{"line":14,"column":2},"end":{"line":14,"column":41}}},"2":{"name":"setReferenceContract","line":18,"loc":{"start":{"line":18,"column":70},"end":{"line":18,"column":3}}},"3":{"name":"getLatestAnswer","line":23,"loc":{"start":{"line":23,"column":2},"end":{"line":23,"column":58}}},"4":{"name":"getLatestTimestamp","line":28,"loc":{"start":{"line":28,"column":2},"end":{"line":28,"column":61}}},"5":{"name":"getPreviousAnswer","line":32,"loc":{"start":{"line":32,"column":2},"end":{"line":32,"column":72}}},"6":{"name":"getPreviousTimestamp","line":38,"loc":{"start":{"line":38,"column":2},"end":{"line":38,"column":76}}}},"statementMap":{"1":{"start":{"line":15,"column":4},"end":{"line":15,"column":41}},"2":{"start":{"line":19,"column":4},"end":{"line":19,"column":41}},"3":{"start":{"line":24,"column":4},"end":{"line":24,"column":67}},"4":{"start":{"line":25,"column":4},"end":{"line":25,"column":17}},"5":{"start":{"line":29,"column":4},"end":{"line":29,"column":32}},"6":{"start":{"line":33,"column":4},"end":{"line":33,"column":38}},"7":{"start":{"line":34,"column":4},"end":{"line":34,"column":49}},"8":{"start":{"line":35,"column":4},"end":{"line":35,"column":40}},"9":{"start":{"line":39,"column":4},"end":{"line":39,"column":38}},"10":{"start":{"line":40,"column":4},"end":{"line":40,"column":49}},"11":{"start":{"line":41,"column":4},"end":{"line":41,"column":43}}},"branchMap":{"1":{"line":34,"type":"if","locations":[{"start":{"line":34,"column":4},"end":{"line":34,"column":4}},{"start":{"line":34,"column":4},"end":{"line":34,"column":4}}]},"2":{"line":40,"type":"if","locations":[{"start":{"line":40,"column":4},"end":{"line":40,"column":4}},{"start":{"line":40,"column":4},"end":{"line":40,"column":4}}]}}},"contracts/oracles/TcapOracle.sol":{"l":{"11":12,"15":109},"path":"/home/crisgarner/Projects/cryptex/contracts/contracts/oracles/TcapOracle.sol","s":{"1":12,"2":109},"b":{},"f":{"1":12,"2":109},"fnMap":{"1":{"name":"setLatestAnswer","line":10,"loc":{"start":{"line":10,"column":59},"end":{"line":10,"column":3}}},"2":{"name":"getLatestAnswer","line":14,"loc":{"start":{"line":14,"column":2},"end":{"line":14,"column":58}}}},"statementMap":{"1":{"start":{"line":11,"column":4},"end":{"line":11,"column":15}},"2":{"start":{"line":15,"column":4},"end":{"line":15,"column":15}}},"branchMap":{}},"contracts/RDAIVaultHandler.sol":{"l":{"31":3,"32":3,"47":49,"48":47,"49":47,"50":47,"51":47,"52":47,"65":23,"66":23,"67":23,"71":22,"72":22,"73":1,"78":21,"79":21,"89":3,"90":3,"91":3,"92":3},"path":"/home/crisgarner/Projects/cryptex/contracts/contracts/RDAIVaultHandler.sol","s":{"1":3,"2":3,"3":49,"4":47,"5":47,"6":47,"7":47,"8":47,"9":23,"10":23,"11":23,"12":22,"13":22,"14":1,"15":21,"16":21,"17":3,"18":3,"19":3,"20":3},"b":{"1":[22,1],"2":[1,21],"3":[0,1]},"f":{"1":3,"2":49,"3":23,"4":3},"fnMap":{"1":{"name":"setInterestTokenAddress","line":29,"loc":{"start":{"line":29,"column":12},"end":{"line":30,"column":3}}},"2":{"name":"addCollateral","line":45,"loc":{"start":{"line":45,"column":14},"end":{"line":46,"column":3}}},"3":{"name":"removeCollateral","line":63,"loc":{"start":{"line":63,"column":14},"end":{"line":64,"column":3}}},"4":{"name":"retrieveInterest","line":88,"loc":{"start":{"line":88,"column":45},"end":{"line":88,"column":3}}}},"statementMap":{"1":{"start":{"line":31,"column":4},"end":{"line":31,"column":47}},"2":{"start":{"line":32,"column":4},"end":{"line":32,"column":70}},"3":{"start":{"line":47,"column":4},"end":{"line":47,"column":70}},"4":{"start":{"line":48,"column":4},"end":{"line":48,"column":69}},"5":{"start":{"line":49,"column":4},"end":{"line":49,"column":37}},"6":{"start":{"line":50,"column":4},"end":{"line":50,"column":57}},"7":{"start":{"line":51,"column":4},"end":{"line":51,"column":51}},"8":{"start":{"line":52,"column":4},"end":{"line":52,"column":56}},"9":{"start":{"line":65,"column":4},"end":{"line":65,"column":57}},"10":{"start":{"line":66,"column":4},"end":{"line":66,"column":50}},"11":{"start":{"line":67,"column":4},"end":{"line":67,"column":1836}},"12":{"start":{"line":71,"column":4},"end":{"line":71,"column":51}},"13":{"start":{"line":72,"column":4},"end":{"line":72,"column":2018}},"14":{"start":{"line":73,"column":6},"end":{"line":73,"column":2051}},"15":{"start":{"line":78,"column":4},"end":{"line":78,"column":62}},"16":{"start":{"line":79,"column":4},"end":{"line":79,"column":59}},"17":{"start":{"line":89,"column":4},"end":{"line":89,"column":76}},"18":{"start":{"line":90,"column":4},"end":{"line":90,"column":50}},"19":{"start":{"line":91,"column":4},"end":{"line":91,"column":49}},"20":{"start":{"line":92,"column":4},"end":{"line":92,"column":50}}},"branchMap":{"1":{"line":67,"type":"if","locations":[{"start":{"line":67,"column":4},"end":{"line":67,"column":4}},{"start":{"line":67,"column":4},"end":{"line":67,"column":4}}]},"2":{"line":72,"type":"if","locations":[{"start":{"line":72,"column":4},"end":{"line":72,"column":4}},{"start":{"line":72,"column":4},"end":{"line":72,"column":4}}]},"3":{"line":73,"type":"if","locations":[{"start":{"line":73,"column":6},"end":{"line":73,"column":6}},{"start":{"line":73,"column":6},"end":{"line":73,"column":6}}]}}},"contracts/RTokenStructs.sol":{"l":{},"path":"/home/crisgarner/Projects/cryptex/contracts/contracts/RTokenStructs.sol","s":{},"b":{},"f":{},"fnMap":{},"statementMap":{},"branchMap":{}},"contracts/TCAPX.sol":{"l":{"28":12,"33":54,"34":52,"43":15,"44":15,"54":38,"64":14,"73":3,"74":3,"83":6,"84":6,"96":57,"98":57,"100":7},"path":"/home/crisgarner/Projects/cryptex/contracts/contracts/TCAPX.sol","s":{"1":12,"2":54,"3":15,"4":15,"5":38,"6":14,"7":3,"8":3,"9":6,"10":6,"11":57,"12":57,"13":7},"b":{"1":[52,2],"2":[7,50],"3":[6,1]},"f":{"1":12,"2":54,"3":15,"4":38,"5":14,"6":3,"7":6,"8":57},"fnMap":{"1":{"name":"constructor","line":27,"loc":{"start":{"line":27,"column":31},"end":{"line":27,"column":3}}},"2":{"name":"onlyHandler","line":32,"loc":{"start":{"line":32,"column":2},"end":{"line":32,"column":24}}},"3":{"name":"addTokenHandler","line":42,"loc":{"start":{"line":42,"column":60},"end":{"line":42,"column":3}}},"4":{"name":"mint","line":53,"loc":{"start":{"line":53,"column":68},"end":{"line":53,"column":3}}},"5":{"name":"burn","line":63,"loc":{"start":{"line":63,"column":68},"end":{"line":63,"column":3}}},"6":{"name":"setCap","line":72,"loc":{"start":{"line":72,"column":47},"end":{"line":72,"column":3}}},"7":{"name":"enableCap","line":82,"loc":{"start":{"line":82,"column":50},"end":{"line":82,"column":3}}},"8":{"name":"_beforeTokenTransfer","line":91,"loc":{"start":{"line":91,"column":2},"end":{"line":95,"column":31}}}},"statementMap":{"1":{"start":{"line":28,"column":4},"end":{"line":28,"column":13}},"2":{"start":{"line":33,"column":4},"end":{"line":33,"column":66}},"3":{"start":{"line":43,"column":4},"end":{"line":43,"column":33}},"4":{"start":{"line":44,"column":4},"end":{"line":44,"column":49}},"5":{"start":{"line":54,"column":4},"end":{"line":54,"column":27}},"6":{"start":{"line":64,"column":4},"end":{"line":64,"column":27}},"7":{"start":{"line":73,"column":4},"end":{"line":73,"column":13}},"8":{"start":{"line":74,"column":4},"end":{"line":74,"column":36}},"9":{"start":{"line":83,"column":4},"end":{"line":83,"column":23}},"10":{"start":{"line":84,"column":4},"end":{"line":84,"column":42}},"11":{"start":{"line":96,"column":4},"end":{"line":96,"column":47}},"12":{"start":{"line":98,"column":4},"end":{"line":98,"column":2709}},"13":{"start":{"line":100,"column":6},"end":{"line":100,"column":69}}},"branchMap":{"1":{"line":33,"type":"if","locations":[{"start":{"line":33,"column":4},"end":{"line":33,"column":4}},{"start":{"line":33,"column":4},"end":{"line":33,"column":4}}]},"2":{"line":98,"type":"if","locations":[{"start":{"line":98,"column":4},"end":{"line":98,"column":4}},{"start":{"line":98,"column":4},"end":{"line":98,"column":4}}]},"3":{"line":100,"type":"if","locations":[{"start":{"line":100,"column":6},"end":{"line":100,"column":6}},{"start":{"line":100,"column":6},"end":{"line":100,"column":6}}]}}},"contracts/VaultHandler.sol":{"l":{},"path":"/home/crisgarner/Projects/cryptex/contracts/contracts/VaultHandler.sol","s":{},"b":{},"f":{},"fnMap":{},"statementMap":{},"branchMap":{}}}