{
"contracts/IVaultHandler.sol":{"l":{"110":42,"111":42,"113":40,"118":106,"119":104,"124":3,"125":3,"126":3,"135":3,"136":3,"145":3,"146":3,"159":3,"160":3,"172":3,"173":3,"182":3,"183":3,"192":3,"193":3,"202":3,"203":3,"216":3,"217":3,"226":6,"227":6,"236":9,"245":3,"253":4,"254":3,"255":3,"256":3,"257":3,"258":3,"259":3,"275":33,"276":31,"277":31,"278":31,"292":68,"293":68,"294":68,"298":67,"299":67,"300":0,"306":67,"307":67,"321":0,"322":0,"323":0,"324":0,"325":0,"329":0,"330":0,"345":0,"346":0,"347":0,"348":0,"362":0,"363":0,"364":0,"365":0,"366":0,"367":0,"371":0,"372":0,"373":0,"374":0,"375":0,"376":0,"383":3,"390":3,"397":3,"398":3,"399":3,"409":10,"410":10,"426":5,"427":5,"428":0,"444":3,"445":3,"446":3,"447":0,"450":0,"454":0,"455":0,"469":1,"470":0,"471":0,"472":0,"473":0,"487":9,"488":9,"497":72,"498":72,"499":72,"501":0,"502":0,"511":0,"512":0,"518":0,"519":0,"523":0,"524":0,"525":0,"526":0},"path":"/home/crisgarner/Projects/cryptex/contracts/contracts/IVaultHandler.sol","s":{"1":42,"2":42,"3":106,"4":3,"5":3,"6":3,"7":3,"8":3,"9":3,"10":3,"11":3,"12":3,"13":3,"14":3,"15":3,"16":3,"17":3,"18":3,"19":3,"20":3,"21":3,"22":3,"23":6,"24":6,"25":9,"26":3,"27":4,"28":3,"29":3,"30":3,"31":3,"32":3,"33":3,"34":33,"35":31,"36":31,"37":31,"38":68,"39":68,"40":68,"41":67,"42":67,"43":0,"44":67,"45":67,"46":0,"47":0,"48":0,"49":0,"50":0,"51":0,"52":0,"53":0,"54":0,"55":0,"56":0,"57":0,"58":0,"59":0,"60":0,"61":0,"62":0,"63":0,"64":0,"65":0,"66":0,"67":0,"68":0,"69":3,"70":3,"71":3,"72":3,"73":3,"74":10,"75":10,"76":5,"77":5,"78":0,"79":3,"80":3,"81":3,"82":0,"83":0,"84":0,"85":0,"86":1,"87":0,"88":0,"89":0,"90":0,"91":9,"92":9,"93":72,"94":72,"95":72,"96":0,"97":0,"98":0,"99":0,"100":0,"101":0,"102":0,"103":0,"104":0,"105":0},"b":{"1":[42,0],"2":[40,2],"3":[104,2],"4":[3,1],"5":[67,1],"6":[0,67],"7":[0,0],"8":[0,0],"9":[0,0],"10":[0,0],"11":[0,0],"12":[0,0],"13":[72,0],"14":[0,0],"15":[0,0]},"f":{"1":42,"2":106,"3":3,"4":3,"5":3,"6":3,"7":3,"8":3,"9":3,"10":3,"11":3,"12":6,"13":9,"14":3,"15":4,"16":33,"17":68,"18":0,"19":0,"20":0,"21":3,"22":3,"23":3,"24":10,"25":5,"26":3,"27":1,"28":9,"29":72,"30":0,"31":0,"32":0},"fnMap":{"1":{"name":"onlyInvestor","line":109,"loc":{"start":{"line":109,"column":2},"end":{"line":109,"column":25}}},"2":{"name":"vaultExists","line":117,"loc":{"start":{"line":117,"column":2},"end":{"line":117,"column":24}}},"3":{"name":"constructor","line":123,"loc":{"start":{"line":123,"column":2},"end":{"line":123,"column":22}}},"4":{"name":"setTCAPXContract","line":134,"loc":{"start":{"line":134,"column":70},"end":{"line":134,"column":3}}},"5":{"name":"setTCAPOracle","line":144,"loc":{"start":{"line":144,"column":68},"end":{"line":144,"column":3}}},"6":{"name":"setCollateralContract","line":157,"loc":{"start":{"line":157,"column":12},"end":{"line":158,"column":3}}},"7":{"name":"setCollateralPriceOracle","line":170,"loc":{"start":{"line":170,"column":12},"end":{"line":171,"column":3}}},"8":{"name":"setDivisor","line":181,"loc":{"start":{"line":181,"column":63},"end":{"line":181,"column":3}}},"9":{"name":"setRatio","line":191,"loc":{"start":{"line":191,"column":59},"end":{"line":191,"column":3}}},"10":{"name":"setBurnFee","line":201,"loc":{"start":{"line":201,"column":63},"end":{"line":201,"column":3}}},"11":{"name":"setLiquidationPenalty","line":214,"loc":{"start":{"line":214,"column":12},"end":{"line":215,"column":3}}},"12":{"name":"enableWhitelist","line":225,"loc":{"start":{"line":225,"column":64},"end":{"line":225,"column":3}}},"13":{"name":"addInvestor","line":235,"loc":{"start":{"line":235,"column":65},"end":{"line":235,"column":3}}},"14":{"name":"removeInvestor","line":244,"loc":{"start":{"line":244,"column":68},"end":{"line":244,"column":3}}},"15":{"name":"createVault","line":252,"loc":{"start":{"line":252,"column":65},"end":{"line":252,"column":3}}},"16":{"name":"addCollateral","line":273,"loc":{"start":{"line":273,"column":16},"end":{"line":274,"column":3}}},"17":{"name":"removeCollateral","line":290,"loc":{"start":{"line":290,"column":16},"end":{"line":291,"column":3}}},"18":{"name":"mint","line":319,"loc":{"start":{"line":319,"column":16},"end":{"line":320,"column":3}}},"19":{"name":"burn","line":343,"loc":{"start":{"line":343,"column":16},"end":{"line":344,"column":3}}},"20":{"name":"liquidateVault","line":360,"loc":{"start":{"line":360,"column":16},"end":{"line":361,"column":3}}},"21":{"name":"pause","line":382,"loc":{"start":{"line":382,"column":34},"end":{"line":382,"column":3}}},"22":{"name":"unpause","line":389,"loc":{"start":{"line":389,"column":36},"end":{"line":389,"column":3}}},"23":{"name":"retrieveFees","line":396,"loc":{"start":{"line":396,"column":49},"end":{"line":396,"column":3}}},"24":{"name":"TCAPXPrice","line":408,"loc":{"start":{"line":408,"column":2},"end":{"line":408,"column":67}}},"25":{"name":"requiredCollateral","line":420,"loc":{"start":{"line":420,"column":2},"end":{"line":425,"column":3}}},"26":{"name":"requiredLiquidationCollateral","line":438,"loc":{"start":{"line":438,"column":2},"end":{"line":443,"column":3}}},"27":{"name":"liquidationReward","line":463,"loc":{"start":{"line":463,"column":2},"end":{"line":468,"column":3}}},"28":{"name":"getVault","line":476,"loc":{"start":{"line":476,"column":2},"end":{"line":486,"column":3}}},"29":{"name":"getVaultRatio","line":491,"loc":{"start":{"line":491,"column":2},"end":{"line":496,"column":3}}},"30":{"name":"getFee","line":510,"loc":{"start":{"line":510,"column":2},"end":{"line":510,"column":76}}},"31":{"name":"_burnFee","line":517,"loc":{"start":{"line":517,"column":2},"end":{"line":517,"column":45}}},"32":{"name":"_burn","line":522,"loc":{"start":{"line":522,"column":2},"end":{"line":522,"column":60}}}},"statementMap":{"1":{"start":{"line":110,"column":4},"end":{"line":110,"column":3496}},"2":{"start":{"line":111,"column":6},"end":{"line":111,"column":74}},"3":{"start":{"line":118,"column":4},"end":{"line":118,"column":60}},"4":{"start":{"line":124,"column":4},"end":{"line":124,"column":26}},"5":{"start":{"line":125,"column":4},"end":{"line":125,"column":22}},"6":{"start":{"line":126,"column":4},"end":{"line":126,"column":45}},"7":{"start":{"line":135,"column":4},"end":{"line":135,"column":27}},"8":{"start":{"line":136,"column":4},"end":{"line":136,"column":53}},"9":{"start":{"line":145,"column":4},"end":{"line":145,"column":23}},"10":{"start":{"line":146,"column":4},"end":{"line":146,"column":46}},"11":{"start":{"line":159,"column":4},"end":{"line":159,"column":43}},"12":{"start":{"line":160,"column":4},"end":{"line":160,"column":66}},"13":{"start":{"line":172,"column":4},"end":{"line":172,"column":38}},"14":{"start":{"line":173,"column":4},"end":{"line":173,"column":61}},"15":{"start":{"line":182,"column":4},"end":{"line":182,"column":21}},"16":{"start":{"line":183,"column":4},"end":{"line":183,"column":44}},"17":{"start":{"line":192,"column":4},"end":{"line":192,"column":17}},"18":{"start":{"line":193,"column":4},"end":{"line":193,"column":40}},"19":{"start":{"line":202,"column":4},"end":{"line":202,"column":21}},"20":{"start":{"line":203,"column":4},"end":{"line":203,"column":44}},"21":{"start":{"line":216,"column":4},"end":{"line":216,"column":43}},"22":{"start":{"line":217,"column":4},"end":{"line":217,"column":66}},"23":{"start":{"line":226,"column":4},"end":{"line":226,"column":29}},"24":{"start":{"line":227,"column":4},"end":{"line":227,"column":57}},"25":{"start":{"line":236,"column":4},"end":{"line":236,"column":38}},"26":{"start":{"line":245,"column":4},"end":{"line":245,"column":39}},"27":{"start":{"line":253,"column":4},"end":{"line":253,"column":65}},"28":{"start":{"line":254,"column":4},"end":{"line":254,"column":34}},"29":{"start":{"line":255,"column":4},"end":{"line":255,"column":31}},"30":{"start":{"line":256,"column":4},"end":{"line":256,"column":52}},"31":{"start":{"line":257,"column":4},"end":{"line":257,"column":21}},"32":{"start":{"line":258,"column":4},"end":{"line":258,"column":22}},"33":{"start":{"line":259,"column":4},"end":{"line":259,"column":39}},"34":{"start":{"line":275,"column":4},"end":{"line":275,"column":70}},"35":{"start":{"line":276,"column":4},"end":{"line":276,"column":57}},"36":{"start":{"line":277,"column":4},"end":{"line":277,"column":51}},"37":{"start":{"line":278,"column":4},"end":{"line":278,"column":56}},"38":{"start":{"line":292,"column":4},"end":{"line":292,"column":57}},"39":{"start":{"line":293,"column":4},"end":{"line":293,"column":50}},"40":{"start":{"line":294,"column":4},"end":{"line":294,"column":8574}},"41":{"start":{"line":298,"column":4},"end":{"line":298,"column":51}},"42":{"start":{"line":299,"column":4},"end":{"line":299,"column":8756}},"43":{"start":{"line":300,"column":6},"end":{"line":300,"column":8789}},"44":{"start":{"line":306,"column":4},"end":{"line":306,"column":51}},"45":{"start":{"line":307,"column":4},"end":{"line":307,"column":59}},"46":{"start":{"line":321,"column":4},"end":{"line":321,"column":57}},"47":{"start":{"line":322,"column":4},"end":{"line":322,"column":60}},"48":{"start":{"line":323,"column":4},"end":{"line":323,"column":75}},"49":{"start":{"line":324,"column":4},"end":{"line":324,"column":39}},"50":{"start":{"line":325,"column":4},"end":{"line":325,"column":9521}},"51":{"start":{"line":329,"column":4},"end":{"line":329,"column":39}},"52":{"start":{"line":330,"column":4},"end":{"line":330,"column":47}},"53":{"start":{"line":345,"column":4},"end":{"line":345,"column":56}},"54":{"start":{"line":346,"column":4},"end":{"line":346,"column":20}},"55":{"start":{"line":347,"column":4},"end":{"line":347,"column":27}},"56":{"start":{"line":348,"column":4},"end":{"line":348,"column":47}},"57":{"start":{"line":362,"column":4},"end":{"line":362,"column":42}},"58":{"start":{"line":363,"column":4},"end":{"line":363,"column":45}},"59":{"start":{"line":364,"column":4},"end":{"line":364,"column":48}},"60":{"start":{"line":365,"column":4},"end":{"line":365,"column":57}},"61":{"start":{"line":366,"column":4},"end":{"line":366,"column":57}},"62":{"start":{"line":367,"column":4},"end":{"line":367,"column":10690}},"63":{"start":{"line":371,"column":4},"end":{"line":371,"column":48}},"64":{"start":{"line":372,"column":4},"end":{"line":372,"column":31}},"65":{"start":{"line":373,"column":4},"end":{"line":373,"column":38}},"66":{"start":{"line":374,"column":4},"end":{"line":374,"column":50}},"67":{"start":{"line":375,"column":4},"end":{"line":375,"column":50}},"68":{"start":{"line":376,"column":4},"end":{"line":376,"column":61}},"69":{"start":{"line":383,"column":4},"end":{"line":383,"column":11}},"70":{"start":{"line":390,"column":4},"end":{"line":390,"column":13}},"71":{"start":{"line":397,"column":4},"end":{"line":397,"column":42}},"72":{"start":{"line":398,"column":4},"end":{"line":398,"column":36}},"73":{"start":{"line":399,"column":4},"end":{"line":399,"column":44}},"74":{"start":{"line":409,"column":4},"end":{"line":409,"column":59}},"75":{"start":{"line":410,"column":4},"end":{"line":410,"column":40}},"76":{"start":{"line":426,"column":4},"end":{"line":426,"column":36}},"77":{"start":{"line":427,"column":4},"end":{"line":427,"column":69}},"78":{"start":{"line":428,"column":4},"end":{"line":428,"column":12487}},"79":{"start":{"line":444,"column":4},"end":{"line":444,"column":41}},"80":{"start":{"line":445,"column":4},"end":{"line":445,"column":36}},"81":{"start":{"line":446,"column":4},"end":{"line":446,"column":69}},"82":{"start":{"line":447,"column":4},"end":{"line":447,"column":13052}},"83":{"start":{"line":450,"column":4},"end":{"line":450,"column":13159}},"84":{"start":{"line":454,"column":4},"end":{"line":454,"column":63}},"85":{"start":{"line":455,"column":4},"end":{"line":455,"column":43}},"86":{"start":{"line":469,"column":4},"end":{"line":469,"column":57}},"87":{"start":{"line":470,"column":4},"end":{"line":470,"column":36}},"88":{"start":{"line":471,"column":4},"end":{"line":471,"column":69}},"89":{"start":{"line":472,"column":4},"end":{"line":472,"column":68}},"90":{"start":{"line":473,"column":4},"end":{"line":473,"column":66}},"91":{"start":{"line":487,"column":4},"end":{"line":487,"column":36}},"92":{"start":{"line":488,"column":4},"end":{"line":488,"column":64}},"93":{"start":{"line":497,"column":4},"end":{"line":497,"column":41}},"94":{"start":{"line":498,"column":4},"end":{"line":498,"column":14405}},"95":{"start":{"line":499,"column":6},"end":{"line":499,"column":21}},"96":{"start":{"line":501,"column":6},"end":{"line":501,"column":71}},"97":{"start":{"line":502,"column":6},"end":{"line":502,"column":14563}},"98":{"start":{"line":511,"column":4},"end":{"line":511,"column":69}},"99":{"start":{"line":512,"column":4},"end":{"line":512,"column":14863}},"100":{"start":{"line":518,"column":4},"end":{"line":518,"column":33}},"101":{"start":{"line":519,"column":4},"end":{"line":519,"column":64}},"102":{"start":{"line":523,"column":4},"end":{"line":523,"column":42}},"103":{"start":{"line":524,"column":4},"end":{"line":524,"column":61}},"104":{"start":{"line":525,"column":4},"end":{"line":525,"column":39}},"105":{"start":{"line":526,"column":4},"end":{"line":526,"column":39}}},"branchMap":{"1":{"line":110,"type":"if","locations":[{"start":{"line":110,"column":4},"end":{"line":110,"column":4}},{"start":{"line":110,"column":4},"end":{"line":110,"column":4}}]},"2":{"line":111,"type":"if","locations":[{"start":{"line":111,"column":6},"end":{"line":111,"column":6}},{"start":{"line":111,"column":6},"end":{"line":111,"column":6}}]},"3":{"line":118,"type":"if","locations":[{"start":{"line":118,"column":4},"end":{"line":118,"column":4}},{"start":{"line":118,"column":4},"end":{"line":118,"column":4}}]},"4":{"line":253,"type":"if","locations":[{"start":{"line":253,"column":4},"end":{"line":253,"column":4}},{"start":{"line":253,"column":4},"end":{"line":253,"column":4}}]},"5":{"line":294,"type":"if","locations":[{"start":{"line":294,"column":4},"end":{"line":294,"column":4}},{"start":{"line":294,"column":4},"end":{"line":294,"column":4}}]},"6":{"line":299,"type":"if","locations":[{"start":{"line":299,"column":4},"end":{"line":299,"column":4}},{"start":{"line":299,"column":4},"end":{"line":299,"column":4}}]},"7":{"line":300,"type":"if","locations":[{"start":{"line":300,"column":6},"end":{"line":300,"column":6}},{"start":{"line":300,"column":6},"end":{"line":300,"column":6}}]},"8":{"line":323,"type":"if","locations":[{"start":{"line":323,"column":4},"end":{"line":323,"column":4}},{"start":{"line":323,"column":4},"end":{"line":323,"column":4}}]},"9":{"line":325,"type":"if","locations":[{"start":{"line":325,"column":4},"end":{"line":325,"column":4}},{"start":{"line":325,"column":4},"end":{"line":325,"column":4}}]},"10":{"line":363,"type":"if","locations":[{"start":{"line":363,"column":4},"end":{"line":363,"column":4}},{"start":{"line":363,"column":4},"end":{"line":363,"column":4}}]},"11":{"line":365,"type":"if","locations":[{"start":{"line":365,"column":4},"end":{"line":365,"column":4}},{"start":{"line":365,"column":4},"end":{"line":365,"column":4}}]},"12":{"line":367,"type":"if","locations":[{"start":{"line":367,"column":4},"end":{"line":367,"column":4}},{"start":{"line":367,"column":4},"end":{"line":367,"column":4}}]},"13":{"line":498,"type":"if","locations":[{"start":{"line":498,"column":4},"end":{"line":498,"column":4}},{"start":{"line":498,"column":4},"end":{"line":498,"column":4}}]},"14":{"line":519,"type":"if","locations":[{"start":{"line":519,"column":4},"end":{"line":519,"column":4}},{"start":{"line":519,"column":4},"end":{"line":519,"column":4}}]},"15":{"line":524,"type":"if","locations":[{"start":{"line":524,"column":4},"end":{"line":524,"column":4}},{"start":{"line":524,"column":4},"end":{"line":524,"column":4}}]}}},
"contracts/oracles/TcapOracle.sol":{"l":{"11":6,"15":12},"path":"/home/crisgarner/Projects/cryptex/contracts/contracts/oracles/TcapOracle.sol","s":{"1":6,"2":12},"b":{},"f":{"1":6,"2":12},"fnMap":{"1":{"name":"setLatestAnswer","line":10,"loc":{"start":{"line":10,"column":59},"end":{"line":10,"column":3}}},"2":{"name":"getLatestAnswer","line":14,"loc":{"start":{"line":14,"column":2},"end":{"line":14,"column":58}}}},"statementMap":{"1":{"start":{"line":11,"column":4},"end":{"line":11,"column":15}},"2":{"start":{"line":15,"column":4},"end":{"line":15,"column":15}}},"branchMap":{}},
"contracts/TCAPX.sol":{"l":{"28":6,"33":17,"34":15,"43":9,"44":9,"54":7,"64":8,"73":3,"74":3,"83":6,"84":6,"96":20,"98":20,"100":7},"path":"/home/crisgarner/Projects/cryptex/contracts/contracts/TCAPX.sol","s":{"1":6,"2":17,"3":9,"4":9,"5":7,"6":8,"7":3,"8":3,"9":6,"10":6,"11":20,"12":20,"13":7},"b":{"1":[15,2],"2":[7,13],"3":[6,1]},"f":{"1":6,"2":17,"3":9,"4":7,"5":8,"6":3,"7":6,"8":20},"fnMap":{"1":{"name":"constructor","line":27,"loc":{"start":{"line":27,"column":31},"end":{"line":27,"column":3}}},"2":{"name":"onlyHandler","line":32,"loc":{"start":{"line":32,"column":2},"end":{"line":32,"column":24}}},"3":{"name":"addTokenHandler","line":42,"loc":{"start":{"line":42,"column":60},"end":{"line":42,"column":3}}},"4":{"name":"mint","line":53,"loc":{"start":{"line":53,"column":68},"end":{"line":53,"column":3}}},"5":{"name":"burn","line":63,"loc":{"start":{"line":63,"column":68},"end":{"line":63,"column":3}}},"6":{"name":"setCap","line":72,"loc":{"start":{"line":72,"column":47},"end":{"line":72,"column":3}}},"7":{"name":"enableCap","line":82,"loc":{"start":{"line":82,"column":50},"end":{"line":82,"column":3}}},"8":{"name":"_beforeTokenTransfer","line":91,"loc":{"start":{"line":91,"column":2},"end":{"line":95,"column":31}}}},"statementMap":{"1":{"start":{"line":28,"column":4},"end":{"line":28,"column":13}},"2":{"start":{"line":33,"column":4},"end":{"line":33,"column":66}},"3":{"start":{"line":43,"column":4},"end":{"line":43,"column":33}},"4":{"start":{"line":44,"column":4},"end":{"line":44,"column":49}},"5":{"start":{"line":54,"column":4},"end":{"line":54,"column":27}},"6":{"start":{"line":64,"column":4},"end":{"line":64,"column":27}},"7":{"start":{"line":73,"column":4},"end":{"line":73,"column":13}},"8":{"start":{"line":74,"column":4},"end":{"line":74,"column":36}},"9":{"start":{"line":83,"column":4},"end":{"line":83,"column":23}},"10":{"start":{"line":84,"column":4},"end":{"line":84,"column":42}},"11":{"start":{"line":96,"column":4},"end":{"line":96,"column":47}},"12":{"start":{"line":98,"column":4},"end":{"line":98,"column":2709}},"13":{"start":{"line":100,"column":6},"end":{"line":100,"column":69}}},"branchMap":{"1":{"line":33,"type":"if","locations":[{"start":{"line":33,"column":4},"end":{"line":33,"column":4}},{"start":{"line":33,"column":4},"end":{"line":33,"column":4}}]},"2":{"line":98,"type":"if","locations":[{"start":{"line":98,"column":4},"end":{"line":98,"column":4}},{"start":{"line":98,"column":4},"end":{"line":98,"column":4}}]},"3":{"line":100,"type":"if","locations":[{"start":{"line":100,"column":6},"end":{"line":100,"column":6}},{"start":{"line":100,"column":6},"end":{"line":100,"column":6}}]}}},
"contracts/VaultHandler.sol":{"l":{},"path":"/home/crisgarner/Projects/cryptex/contracts/contracts/VaultHandler.sol","s":{},"b":{},"f":{},"fnMap":{},"statementMap":{},"branchMap":{}}}
