{
"contracts/TCAPX.sol":{"l":{"27":25,"28":23,"37":6,"38":6,"48":18,"58":5},"path":"/home/crisgarner/Projects/cryptex/contract/contracts/TCAPX.sol","s":{"1":25,"2":6,"3":6,"4":18,"5":5},"b":{"1":[23,2]},"f":{"1":6,"2":25,"3":6,"4":18,"5":5},"fnMap":{"1":{"name":"constructor","line":23,"loc":{"start":{"line":23,"column":31},"end":{"line":23,"column":3}}},"2":{"name":"onlyHandler","line":26,"loc":{"start":{"line":26,"column":2},"end":{"line":26,"column":24}}},"3":{"name":"setTokenHandler","line":36,"loc":{"start":{"line":36,"column":60},"end":{"line":36,"column":3}}},"4":{"name":"mint","line":47,"loc":{"start":{"line":47,"column":68},"end":{"line":47,"column":3}}},"5":{"name":"burn","line":57,"loc":{"start":{"line":57,"column":68},"end":{"line":57,"column":3}}}},"statementMap":{"1":{"start":{"line":27,"column":4},"end":{"line":27,"column":67}},"2":{"start":{"line":37,"column":4},"end":{"line":37,"column":26}},"3":{"start":{"line":38,"column":4},"end":{"line":38,"column":49}},"4":{"start":{"line":48,"column":4},"end":{"line":48,"column":27}},"5":{"start":{"line":58,"column":4},"end":{"line":58,"column":27}}},"branchMap":{"1":{"line":27,"type":"if","locations":[{"start":{"line":27,"column":4},"end":{"line":27,"column":4}},{"start":{"line":27,"column":4},"end":{"line":27,"column":4}}]}}},
"contracts/TokenHandler.sol":{"l":{"66":51,"67":49,"72":3,"73":3,"82":3,"83":3,"92":3,"93":3,"102":3,"103":3,"112":3,"113":3,"122":3,"123":3,"132":9,"141":3,"149":4,"150":3,"151":3,"152":3,"153":3,"154":3,"155":3,"164":45,"165":43,"166":43,"167":43,"175":22,"176":22,"180":20,"181":20,"182":20,"190":17,"191":17,"192":17,"193":15,"194":15,"195":15,"196":15,"205":19,"206":19,"220":18,"221":18,"241":7,"242":7},"path":"/home/crisgarner/Projects/cryptex/contract/contracts/TokenHandler.sol","s":{"1":51,"2":3,"3":3,"4":3,"5":3,"6":3,"7":3,"8":3,"9":3,"10":3,"11":3,"12":3,"13":3,"14":9,"15":3,"16":4,"17":3,"18":3,"19":3,"20":3,"21":3,"22":3,"23":45,"24":43,"25":43,"26":43,"27":22,"28":22,"29":20,"30":20,"31":20,"32":17,"33":17,"34":17,"35":15,"36":15,"37":15,"38":15,"39":19,"40":19,"41":18,"42":18,"43":7,"44":7},"b":{"1":[49,2],"2":[3,1],"3":[20,2],"4":[15,2]},"f":{"1":51,"2":3,"3":3,"4":3,"5":3,"6":3,"7":3,"8":9,"9":3,"10":4,"11":45,"12":22,"13":17,"14":19,"15":18,"16":7},"fnMap":{"1":{"name":"onlyInvestor","line":65,"loc":{"start":{"line":65,"column":2},"end":{"line":65,"column":25}}},"2":{"name":"constructor","line":71,"loc":{"start":{"line":71,"column":2},"end":{"line":71,"column":22}}},"3":{"name":"setTCAPX","line":81,"loc":{"start":{"line":81,"column":54},"end":{"line":81,"column":3}}},"4":{"name":"setOracle","line":91,"loc":{"start":{"line":91,"column":52},"end":{"line":91,"column":3}}},"5":{"name":"setStablecoin","line":101,"loc":{"start":{"line":101,"column":59},"end":{"line":101,"column":3}}},"6":{"name":"setDivisor","line":111,"loc":{"start":{"line":111,"column":55},"end":{"line":111,"column":3}}},"7":{"name":"setRatio","line":121,"loc":{"start":{"line":121,"column":51},"end":{"line":121,"column":3}}},"8":{"name":"addInvestor","line":131,"loc":{"start":{"line":131,"column":57},"end":{"line":131,"column":3}}},"9":{"name":"removeInvestor","line":140,"loc":{"start":{"line":140,"column":60},"end":{"line":140,"column":3}}},"10":{"name":"createVault","line":148,"loc":{"start":{"line":148,"column":43},"end":{"line":148,"column":3}}},"11":{"name":"addCollateral","line":163,"loc":{"start":{"line":163,"column":73},"end":{"line":163,"column":3}}},"12":{"name":"removeCollateral","line":174,"loc":{"start":{"line":174,"column":63},"end":{"line":174,"column":3}}},"13":{"name":"mint","line":189,"loc":{"start":{"line":189,"column":51},"end":{"line":189,"column":3}}},"14":{"name":"TCAPXPrice","line":204,"loc":{"start":{"line":204,"column":2},"end":{"line":204,"column":59}}},"15":{"name":"requiredCollateral","line":215,"loc":{"start":{"line":215,"column":2},"end":{"line":219,"column":3}}},"16":{"name":"getVault","line":231,"loc":{"start":{"line":231,"column":2},"end":{"line":240,"column":3}}}},"statementMap":{"1":{"start":{"line":66,"column":4},"end":{"line":66,"column":72}},"2":{"start":{"line":72,"column":4},"end":{"line":72,"column":22}},"3":{"start":{"line":73,"column":4},"end":{"line":73,"column":45}},"4":{"start":{"line":82,"column":4},"end":{"line":82,"column":27}},"5":{"start":{"line":83,"column":4},"end":{"line":83,"column":45}},"6":{"start":{"line":92,"column":4},"end":{"line":92,"column":19}},"7":{"start":{"line":93,"column":4},"end":{"line":93,"column":42}},"8":{"start":{"line":102,"column":4},"end":{"line":102,"column":27}},"9":{"start":{"line":103,"column":4},"end":{"line":103,"column":50}},"10":{"start":{"line":112,"column":4},"end":{"line":112,"column":21}},"11":{"start":{"line":113,"column":4},"end":{"line":113,"column":44}},"12":{"start":{"line":122,"column":4},"end":{"line":122,"column":17}},"13":{"start":{"line":123,"column":4},"end":{"line":123,"column":40}},"14":{"start":{"line":132,"column":4},"end":{"line":132,"column":38}},"15":{"start":{"line":141,"column":4},"end":{"line":141,"column":39}},"16":{"start":{"line":149,"column":4},"end":{"line":149,"column":65}},"17":{"start":{"line":150,"column":4},"end":{"line":150,"column":34}},"18":{"start":{"line":151,"column":4},"end":{"line":151,"column":31}},"19":{"start":{"line":152,"column":4},"end":{"line":152,"column":52}},"20":{"start":{"line":153,"column":4},"end":{"line":153,"column":21}},"21":{"start":{"line":154,"column":4},"end":{"line":154,"column":22}},"22":{"start":{"line":155,"column":4},"end":{"line":155,"column":39}},"23":{"start":{"line":164,"column":4},"end":{"line":164,"column":62}},"24":{"start":{"line":165,"column":4},"end":{"line":165,"column":57}},"25":{"start":{"line":166,"column":4},"end":{"line":166,"column":51}},"26":{"start":{"line":167,"column":4},"end":{"line":167,"column":56}},"27":{"start":{"line":175,"column":4},"end":{"line":175,"column":57}},"28":{"start":{"line":176,"column":4},"end":{"line":176,"column":5217}},"29":{"start":{"line":180,"column":4},"end":{"line":180,"column":51}},"30":{"start":{"line":181,"column":4},"end":{"line":181,"column":43}},"31":{"start":{"line":182,"column":4},"end":{"line":182,"column":59}},"32":{"start":{"line":190,"column":4},"end":{"line":190,"column":57}},"33":{"start":{"line":191,"column":4},"end":{"line":191,"column":60}},"34":{"start":{"line":192,"column":4},"end":{"line":192,"column":75}},"35":{"start":{"line":193,"column":4},"end":{"line":193,"column":62}},"36":{"start":{"line":194,"column":4},"end":{"line":194,"column":57}},"37":{"start":{"line":195,"column":4},"end":{"line":195,"column":39}},"38":{"start":{"line":196,"column":4},"end":{"line":196,"column":47}},"39":{"start":{"line":205,"column":4},"end":{"line":205,"column":45}},"40":{"start":{"line":206,"column":4},"end":{"line":206,"column":40}},"41":{"start":{"line":220,"column":4},"end":{"line":220,"column":32}},"42":{"start":{"line":221,"column":4},"end":{"line":221,"column":56}},"43":{"start":{"line":241,"column":4},"end":{"line":241,"column":36}},"44":{"start":{"line":242,"column":4},"end":{"line":242,"column":65}}},"branchMap":{"1":{"line":66,"type":"if","locations":[{"start":{"line":66,"column":4},"end":{"line":66,"column":4}},{"start":{"line":66,"column":4},"end":{"line":66,"column":4}}]},"2":{"line":149,"type":"if","locations":[{"start":{"line":149,"column":4},"end":{"line":149,"column":4}},{"start":{"line":149,"column":4},"end":{"line":149,"column":4}}]},"3":{"line":176,"type":"if","locations":[{"start":{"line":176,"column":4},"end":{"line":176,"column":4}},{"start":{"line":176,"column":4},"end":{"line":176,"column":4}}]},"4":{"line":192,"type":"if","locations":[{"start":{"line":192,"column":4},"end":{"line":192,"column":4}},{"start":{"line":192,"column":4},"end":{"line":192,"column":4}}]}}}}
