TN:
SF:/home/crisgarner/Projects/cryptex/contract/contracts/mocks/Oracle.sol
FN:10,constructor
FN:14,setPrice
FNF:2
FNH:1
FNDA:3,constructor
FNDA:0,setPrice
DA:11,3
DA:15,0
LF:2
LH:1
BRF:0
BRH:0
end_of_record
TN:
SF:/home/crisgarner/Projects/cryptex/contract/contracts/mocks/Stablecoin.sol
FN:10,constructor
FN:12,mint
FN:16,burn
FNF:3
FNH:2
FNDA:3,constructor
FNDA:6,mint
FNDA:0,burn
DA:13,6
DA:17,0
LF:2
LH:1
BRF:0
BRH:0
end_of_record
TN:
SF:/home/crisgarner/Projects/cryptex/contract/contracts/TCAPX.sol
FN:23,constructor
FN:26,onlyHandler
FN:36,setTokenHandler
FN:47,mint
FN:57,burn
FNF:5
FNH:5
FNDA:6,constructor
FNDA:10,onlyHandler
FNDA:3,setTokenHandler
FNDA:3,mint
FNDA:5,burn
DA:27,10
DA:28,8
DA:37,3
DA:38,3
DA:48,3
DA:58,5
LF:6
LH:6
BRDA:27,1,0,8
BRDA:27,1,1,2
BRF:2
BRH:2
end_of_record
TN:
SF:/home/crisgarner/Projects/cryptex/contract/contracts/TokenHandler.sol
FN:54,onlyInvestor
FN:59,constructor
FN:69,setTCAPX
FN:79,setOracle
FN:89,setStablecoin
FN:99,setDivisor
FN:109,addInvestor
FN:118,removeInvestor
FN:126,createVault
FN:141,addCollateral
FN:152,removeCollateral
FN:168,TCAPXPrice
FN:180,getVault
FNF:13
FNH:13
FNDA:14,onlyInvestor
FNDA:3,constructor
FNDA:3,setTCAPX
FNDA:3,setOracle
FNDA:3,setStablecoin
FNDA:3,setDivisor
FNDA:6,addInvestor
FNDA:3,removeInvestor
FNDA:4,createVault
FNDA:8,addCollateral
FNDA:8,removeCollateral
FNDA:1,TCAPXPrice
FNDA:6,getVault
DA:55,14
DA:56,12
DA:60,3
DA:61,3
DA:70,3
DA:71,3
DA:80,3
DA:81,3
DA:90,3
DA:91,3
DA:100,3
DA:101,3
DA:110,6
DA:119,3
DA:127,4
DA:128,3
DA:129,3
DA:130,3
DA:131,3
DA:132,3
DA:133,3
DA:142,8
DA:143,6
DA:144,6
DA:145,6
DA:153,8
DA:154,8
DA:158,6
DA:159,6
DA:160,6
DA:169,1
DA:170,1
DA:189,6
DA:190,6
LF:34
LH:34
BRDA:55,1,0,12
BRDA:55,1,1,2
BRDA:127,2,0,3
BRDA:127,2,1,1
BRDA:154,3,0,6
BRDA:154,3,1,2
BRF:6
BRH:6
end_of_record
