TN:
SF:/home/crisgarner/Projects/cryptex/contract/contracts/TCAPX.sol
FN:23,constructor
FN:26,onlyHandler
FN:36,setTokenHandler
FN:47,mint
FN:57,burn
FNF:5
FNH:5
FNDA:6,constructor
FNDA:28,onlyHandler
FNDA:6,setTokenHandler
FNDA:18,mint
FNDA:8,burn
DA:27,28
DA:28,26
DA:37,6
DA:38,6
DA:48,18
DA:58,8
LF:6
LH:6
BRDA:27,1,0,26
BRDA:27,1,1,2
BRF:2
BRH:2
end_of_record
TN:
SF:/home/crisgarner/Projects/cryptex/contract/contracts/TokenHandler.sol
FN:66,onlyInvestor
FN:72,vaultExists
FN:78,constructor
FN:88,setTCAPX
FN:98,setOracle
FN:108,setStablecoin
FN:118,setDivisor
FN:128,setRatio
FN:138,addInvestor
FN:147,removeInvestor
FN:155,createVault
FN:174,addCollateral
FN:186,removeCollateral
FN:201,mint
FN:218,burn
FN:231,TCAPXPrice
FN:242,minRequiredCollateral
FN:258,getVault
FN:277,getVaultRatio
FNF:19
FNH:19
FNDA:56,onlyInvestor
FNDA:94,vaultExists
FNDA:3,constructor
FNDA:3,setTCAPX
FNDA:3,setOracle
FNDA:3,setStablecoin
FNDA:3,setDivisor
FNDA:3,setRatio
FNDA:9,addInvestor
FNDA:3,removeInvestor
FNDA:4,createVault
FNDA:49,addCollateral
FNDA:20,removeCollateral
FNDA:17,mint
FNDA:4,burn
FNDA:37,TCAPXPrice
FNDA:19,minRequiredCollateral
FNDA:8,getVault
FNDA:19,getVaultRatio
DA:67,56
DA:68,54
DA:73,94
DA:74,90
DA:79,3
DA:80,3
DA:89,3
DA:90,3
DA:99,3
DA:100,3
DA:109,3
DA:110,3
DA:119,3
DA:120,3
DA:129,3
DA:130,3
DA:139,9
DA:148,3
DA:156,4
DA:157,3
DA:158,3
DA:159,3
DA:160,3
DA:161,3
DA:162,3
DA:176,49
DA:177,47
DA:178,47
DA:179,47
DA:187,20
DA:188,20
DA:192,19
DA:193,19
DA:194,19
DA:202,17
DA:203,17
DA:204,17
DA:205,16
DA:206,16
DA:210,15
DA:211,15
DA:219,4
DA:220,4
DA:221,3
DA:222,3
DA:223,3
DA:232,37
DA:233,37
DA:247,19
DA:248,19
DA:268,8
DA:269,8
DA:282,19
DA:283,19
DA:284,2
DA:286,17
LF:56
LH:56
BRDA:67,1,0,54
BRDA:67,1,1,2
BRDA:73,2,0,90
BRDA:73,2,1,4
BRDA:156,3,0,3
BRDA:156,3,1,1
BRDA:188,4,0,19
BRDA:188,4,1,1
BRDA:204,5,0,16
BRDA:204,5,1,1
BRDA:206,6,0,15
BRDA:206,6,1,1
BRDA:220,7,0,3
BRDA:220,7,1,1
BRDA:283,8,0,2
BRDA:283,8,1,17
BRF:16
BRH:16
end_of_record
